<?xml version="1.0" encoding="UTF-8"?>
<TestRun id="1823d624-9f33-4a61-be2c-a639af75d9e6" name="stefa@DESKTOP-TTOEL6M 2023-05-10 23:26:34" runUser="DESKTOP-TTOEL6M\stefa" xmlns="http://microsoft.com/schemas/VisualStudio/TeamTest/2010">
  <TestSettings name="Local" id="51341ec6-2ffd-4723-956c-91f2c6c3caa5">
    <Description>These are default test settings for a local test run.</Description>
    <Deployment enabled="false" runDeploymentRoot="stefa_DESKTOP-TTOEL6M 2023-05-10 23_26_34">
      <DeploymentItem filename="D:\projects\CSharp\oop-exercises\solitare\bin\Debug\test.exe" />
    </Deployment>
    <Execution>
      <TestTypeSpecific />
      <AgentRule name="Execution Agents">
      </AgentRule>
    </Execution>
  </TestSettings>
  <Times creation="2023-05-10T23:26:34.3431602+03:00" queuing="2023-05-10T23:26:34.3523576+03:00" start="2023-05-10T23:26:34.3573533+03:00" finish="2023-05-10T23:26:34.6151941+03:00" />
  <ResultSummary outcome="Failed">
    <Counters total="1" executed="1" error="0" failed="1" timeout="0" aborted="0" inconclusive="0" passedButRunAborted="0" notRunnable="0" notExecuted="0" disconnected="0" warning="0" passed="0" completed="0" inProgress="0" pending="0" />
  </ResultSummary>
  <TestDefinitions>
    <UnitTest name="CheckFeasibleBasic" storage="d:\projects\csharp\oop-exercises\solitare\testsolitare\bin\debug\testsolitare.dll" id="ae76ea48-a231-b353-fea6-dc7112fad1fe">
      <Execution id="70f5e9b5-32b5-4e50-9752-5b53976ef73a" />
      <TestMethod codeBase="D:/projects/CSharp/oop-exercises/solitare/TestSolitare/bin/Debug/TestSolitare.DLL" adapterTypeName="Microsoft.VisualStudio.TestTools.TestTypes.Unit.UnitTestAdapter, Microsoft.VisualStudio.QualityTools.Tips.UnitTest.Adapter, Version=10.0.0.0, Culture=neutral, PublicKeyToken=b03f5f7f11d50a3a" className="TestSolitare.SolitareStackTest, TestSolitare, Version=1.0.0.0, Culture=neutral, PublicKeyToken=null" name="CheckFeasibleBasic" />
    </UnitTest>
  </TestDefinitions>
  <TestLists>
    <TestList name="Results Not in a List" id="8c84fa94-04c1-424b-9868-57a2d4851a1d" />
    <TestList name="All Loaded Results" id="19431567-8539-422a-85d7-44ee4e166bda" />
  </TestLists>
  <TestEntries>
    <TestEntry testId="ae76ea48-a231-b353-fea6-dc7112fad1fe" executionId="70f5e9b5-32b5-4e50-9752-5b53976ef73a" testListId="8c84fa94-04c1-424b-9868-57a2d4851a1d" />
  </TestEntries>
  <Results>
    <UnitTestResult executionId="70f5e9b5-32b5-4e50-9752-5b53976ef73a" testId="ae76ea48-a231-b353-fea6-dc7112fad1fe" testName="CheckFeasibleBasic" computerName="DESKTOP-TTOEL6M" duration="00:00:00.0470710" startTime="2023-05-10T23:26:34.3593532+03:00" endTime="2023-05-10T23:26:34.6052012+03:00" testType="13cdc9d9-ddb5-4fa4-a97d-d965ccfc6d4b" outcome="Failed" testListId="8c84fa94-04c1-424b-9868-57a2d4851a1d" relativeResultsDirectory="70f5e9b5-32b5-4e50-9752-5b53976ef73a">
      <Output>
        <ErrorInfo>
          <Message>Assert.AreEqual failed. Expected:&lt;True&gt;. Actual:&lt;False&gt;. </Message>
          <StackTrace>   at TestSolitare.SolitareStackTest.CheckFeasibleBasic() in D:\projects\CSharp\oop-exercises\solitare\TestSolitare\SolitareStackTest.cs:line 79
</StackTrace>
        </ErrorInfo>
      </Output>
    </UnitTestResult>
  </Results>
</TestRun>