<?xml version="1.0" encoding="UTF-8"?>
<TestRun id="cf117ed5-1fc6-4371-b3ab-95eec39c119d" name="stefa@DESKTOP-TTOEL6M 2023-05-10 23:50:55" runUser="DESKTOP-TTOEL6M\stefa" xmlns="http://microsoft.com/schemas/VisualStudio/TeamTest/2010">
  <TestSettings name="Local" id="51341ec6-2ffd-4723-956c-91f2c6c3caa5">
    <Description>These are default test settings for a local test run.</Description>
    <Deployment enabled="false" runDeploymentRoot="stefa_DESKTOP-TTOEL6M 2023-05-10 23_50_55">
      <DeploymentItem filename="D:\projects\CSharp\oop-exercises\solitare\bin\Debug\test.exe" />
    </Deployment>
    <Execution>
      <TestTypeSpecific />
      <AgentRule name="Execution Agents">
      </AgentRule>
    </Execution>
  </TestSettings>
  <Times creation="2023-05-10T23:50:55.0386766+03:00" queuing="2023-05-10T23:50:55.0686576+03:00" start="2023-05-10T23:50:55.0736548+03:00" finish="2023-05-10T23:50:55.3254999+03:00" />
  <ResultSummary outcome="Failed">
    <Counters total="1" executed="1" error="0" failed="1" timeout="0" aborted="0" inconclusive="0" passedButRunAborted="0" notRunnable="0" notExecuted="0" disconnected="0" warning="0" passed="0" completed="0" inProgress="0" pending="0" />
  </ResultSummary>
  <TestDefinitions>
    <UnitTest name="SliceTest" storage="d:\projects\csharp\oop-exercises\solitare\testsolitare\bin\debug\testsolitare.dll" id="dd618a97-2a39-d044-2410-0fb25109739c">
      <Execution id="5015b52c-7159-41eb-84e9-1e33bda1adea" />
      <TestMethod codeBase="D:/projects/CSharp/oop-exercises/solitare/TestSolitare/bin/Debug/TestSolitare.DLL" adapterTypeName="Microsoft.VisualStudio.TestTools.TestTypes.Unit.UnitTestAdapter, Microsoft.VisualStudio.QualityTools.Tips.UnitTest.Adapter, Version=10.0.0.0, Culture=neutral, PublicKeyToken=b03f5f7f11d50a3a" className="TestSolitare.SolitareStackTest, TestSolitare, Version=1.0.0.0, Culture=neutral, PublicKeyToken=null" name="SliceTest" />
    </UnitTest>
  </TestDefinitions>
  <TestLists>
    <TestList name="Results Not in a List" id="8c84fa94-04c1-424b-9868-57a2d4851a1d" />
    <TestList name="All Loaded Results" id="19431567-8539-422a-85d7-44ee4e166bda" />
  </TestLists>
  <TestEntries>
    <TestEntry testId="dd618a97-2a39-d044-2410-0fb25109739c" executionId="5015b52c-7159-41eb-84e9-1e33bda1adea" testListId="8c84fa94-04c1-424b-9868-57a2d4851a1d" />
  </TestEntries>
  <Results>
    <UnitTestResult executionId="5015b52c-7159-41eb-84e9-1e33bda1adea" testId="dd618a97-2a39-d044-2410-0fb25109739c" testName="SliceTest" computerName="DESKTOP-TTOEL6M" duration="00:00:00.0390282" startTime="2023-05-10T23:50:55.0756537+03:00" endTime="2023-05-10T23:50:55.3155053+03:00" testType="13cdc9d9-ddb5-4fa4-a97d-d965ccfc6d4b" outcome="Failed" testListId="8c84fa94-04c1-424b-9868-57a2d4851a1d" relativeResultsDirectory="5015b52c-7159-41eb-84e9-1e33bda1adea">
      <Output>
        <ErrorInfo>
          <Message>Test method TestSolitare.SolitareStackTest.SliceTest threw exception: 
System.NullReferenceException: Object reference not set to an instance of an object.</Message>
          <StackTrace>    at TestSolitare.SolitareStackTest.SliceTest() in D:\projects\CSharp\oop-exercises\solitare\TestSolitare\SolitareStackTest.cs:line 131
</StackTrace>
        </ErrorInfo>
      </Output>
    </UnitTestResult>
  </Results>
</TestRun>